{"name":"Add to Cart","status":"broken","statusDetails":{"known":false,"muted":false,"flaky":false,"message":"Expected condition failed: waiting for visibility of Proxy element for: DefaultElementLocator 'By.xpath: //body/div[@id='a-page']/div[@id='search']/div[1]/div[2]/div[1]/span[3]/div[2]/div[2]/div[1]/span[1]/div[1]/div[1]/div[2]/div[1]/div[1]/div[1]/span[1]/a[1]/div[1]/img[1]' (tried for 10 second(s) with 500 milliseconds interval)","trace":"org.openqa.selenium.TimeoutException: Expected condition failed: waiting for visibility of Proxy element for: DefaultElementLocator 'By.xpath: //body/div[@id='a-page']/div[@id='search']/div[1]/div[2]/div[1]/span[3]/div[2]/div[2]/div[1]/span[1]/div[1]/div[1]/div[2]/div[1]/div[1]/div[1]/span[1]/a[1]/div[1]/img[1]' (tried for 10 second(s) with 500 milliseconds interval)\n\tat org.openqa.selenium.support.ui.WebDriverWait.timeoutException(WebDriverWait.java:113)\n\tat org.openqa.selenium.support.ui.FluentWait.until(FluentWait.java:283)\n\tat base.BasePage.waitForVisibility(BasePage.java:71)\n\tat base.BasePage.click(BasePage.java:84)\n\tat pages.Amazon.AddCartPage.AddToCart(AddCartPage.java:27)\n\tat tests.Amazon.AddToCartTest.SuccessfulAddToCart(AddToCartTest.java:39)\n\tat sun.reflect.NativeMethodAccessorImpl.invoke0(Native Method)\n\tat sun.reflect.NativeMethodAccessorImpl.invoke(NativeMethodAccessorImpl.java:62)\n\tat sun.reflect.DelegatingMethodAccessorImpl.invoke(DelegatingMethodAccessorImpl.java:43)\n\tat java.lang.reflect.Method.invoke(Method.java:498)\n\tat org.testng.internal.MethodInvocationHelper.invokeMethod(MethodInvocationHelper.java:124)\n\tat org.testng.internal.Invoker.invokeMethod(Invoker.java:583)\n\tat org.testng.internal.Invoker.invokeTestMethod(Invoker.java:719)\n\tat org.testng.internal.Invoker.invokeTestMethods(Invoker.java:989)\n\tat org.testng.internal.TestMethodWorker.invokeTestMethods(TestMethodWorker.java:125)\n\tat org.testng.internal.TestMethodWorker.run(TestMethodWorker.java:109)\n\tat org.testng.TestRunner.privateRun(TestRunner.java:648)\n\tat org.testng.TestRunner.run(TestRunner.java:505)\n\tat org.testng.SuiteRunner.runTest(SuiteRunner.java:455)\n\tat org.testng.SuiteRunner.runSequentially(SuiteRunner.java:450)\n\tat org.testng.SuiteRunner.privateRun(SuiteRunner.java:415)\n\tat org.testng.SuiteRunner.run(SuiteRunner.java:364)\n\tat org.testng.SuiteRunnerWorker.runSuite(SuiteRunnerWorker.java:52)\n\tat org.testng.SuiteRunnerWorker.run(SuiteRunnerWorker.java:84)\n\tat org.testng.TestNG.runSuitesSequentially(TestNG.java:1208)\n\tat org.testng.TestNG.runSuitesLocally(TestNG.java:1137)\n\tat org.testng.TestNG.runSuites(TestNG.java:1049)\n\tat org.testng.TestNG.run(TestNG.java:1017)\n\tat com.intellij.rt.testng.IDEARemoteTestNG.run(IDEARemoteTestNG.java:66)\n\tat com.intellij.rt.testng.RemoteTestNGStarter.main(RemoteTestNGStarter.java:109)\nCaused by: org.openqa.selenium.NoSuchElementException: no such element: Unable to locate element: {\"method\":\"xpath\",\"selector\":\"//body/div[@id='a-page']/div[@id='search']/div[1]/div[2]/div[1]/span[3]/div[2]/div[2]/div[1]/span[1]/div[1]/div[1]/div[2]/div[1]/div[1]/div[1]/span[1]/a[1]/div[1]/img[1]\"}\n  (Session info: chrome=86.0.4240.198)\nFor documentation on this error, please visit: http://seleniumhq.org/exceptions/no_such_element.html\nBuild info: version: '3.14.0', revision: 'aacccce0', time: '2018-08-02T20:19:58.91Z'\nSystem info: host: 'BAEMINs-MacBook-Pro.local', ip: 'fe80:0:0:0:107e:6d56:48bd:d196%en0', os.name: 'Mac OS X', os.arch: 'x86_64', os.version: '10.15.7', java.version: '1.8.0_261'\nDriver info: org.openqa.selenium.chrome.ChromeDriver\nCapabilities {acceptInsecureCerts: false, browserName: chrome, browserVersion: 86.0.4240.198, chrome: {chromedriverVersion: 86.0.4240.22 (398b0743353ff..., userDataDir: /var/folders/df/vhzkbz_d4vb...}, goog:chromeOptions: {debuggerAddress: localhost:50053}, javascriptEnabled: true, networkConnectionEnabled: false, pageLoadStrategy: normal, platform: MAC, platformName: MAC, proxy: Proxy(), setWindowRect: true, strictFileInteractability: false, timeouts: {implicit: 0, pageLoad: 300000, script: 30000}, unhandledPromptBehavior: dismiss and notify, webauthn:virtualAuthenticators: true}\nSession ID: c458dae8efc6dc29fc0b2bb4b96da70e\n*** Element info: {Using=xpath, value=//body/div[@id='a-page']/div[@id='search']/div[1]/div[2]/div[1]/span[3]/div[2]/div[2]/div[1]/span[1]/div[1]/div[1]/div[2]/div[1]/div[1]/div[1]/span[1]/a[1]/div[1]/img[1]}\n\tat sun.reflect.GeneratedConstructorAccessor14.newInstance(Unknown Source)\n\tat sun.reflect.DelegatingConstructorAccessorImpl.newInstance(DelegatingConstructorAccessorImpl.java:45)\n\tat java.lang.reflect.Constructor.newInstance(Constructor.java:423)\n\tat org.openqa.selenium.remote.http.W3CHttpResponseCodec.createException(W3CHttpResponseCodec.java:187)\n\tat org.openqa.selenium.remote.http.W3CHttpResponseCodec.decode(W3CHttpResponseCodec.java:122)\n\tat org.openqa.selenium.remote.http.W3CHttpResponseCodec.decode(W3CHttpResponseCodec.java:49)\n\tat org.openqa.selenium.remote.HttpCommandExecutor.execute(HttpCommandExecutor.java:158)\n\tat org.openqa.selenium.remote.service.DriverCommandExecutor.execute(DriverCommandExecutor.java:83)\n\tat org.openqa.selenium.remote.RemoteWebDriver.execute(RemoteWebDriver.java:548)\n\tat org.openqa.selenium.remote.RemoteWebDriver.findElement(RemoteWebDriver.java:322)\n\tat org.openqa.selenium.remote.RemoteWebDriver.findElementByXPath(RemoteWebDriver.java:424)\n\tat org.openqa.selenium.By$ByXPath.findElement(By.java:353)\n\tat org.openqa.selenium.remote.RemoteWebDriver.findElement(RemoteWebDriver.java:314)\n\tat org.openqa.selenium.support.pagefactory.DefaultElementLocator.findElement(DefaultElementLocator.java:69)\n\tat org.openqa.selenium.support.pagefactory.internal.LocatingElementHandler.invoke(LocatingElementHandler.java:38)\n\tat com.sun.proxy.$Proxy9.isDisplayed(Unknown Source)\n\tat org.openqa.selenium.support.ui.ExpectedConditions.elementIfVisible(ExpectedConditions.java:315)\n\tat org.openqa.selenium.support.ui.ExpectedConditions.access$100(ExpectedConditions.java:44)\n\tat org.openqa.selenium.support.ui.ExpectedConditions$10.apply(ExpectedConditions.java:301)\n\tat org.openqa.selenium.support.ui.ExpectedConditions$10.apply(ExpectedConditions.java:298)\n\tat org.openqa.selenium.support.ui.FluentWait.until(FluentWait.java:260)\n\t... 28 more\n"},"stage":"finished","description":"Testcase description","steps":[],"attachments":[{"name":"Page screenshot","source":"3fe887f1-cc65-418a-b757-b2c1e32fbfa6-attachment","type":"image/png"},{"name":"SuccessfulAddToCart failed and screenshot taken!","source":"b54d7154-44dc-4684-ae30-c050b4f48d9a-attachment","type":"text/plain"}],"parameters":[],"start":1606966538918,"stop":1606966549808,"uuid":"843d9119-bdb0-428f-924c-5bd6ed2910fe","historyId":"3b25c5c437506a13a2451d184d095a66","fullName":"tests.Amazon.AddToCartTest.SuccessfulAddToCart","labels":[{"name":"package","value":"tests.Amazon.AddToCartTest"},{"name":"testClass","value":"tests.Amazon.AddToCartTest"},{"name":"testMethod","value":"SuccessfulAddToCart"},{"name":"parentSuite","value":"Default Suite"},{"name":"suite","value":"Selenium-framwork"},{"name":"subSuite","value":"tests.Amazon.AddToCartTest"},{"name":"host","value":"BAEMINs-MacBook-Pro.local"},{"name":"thread","value":"6499@BAEMINs-MacBook-Pro.local.main(1)"},{"name":"framework","value":"testng"},{"name":"language","value":"java"}],"links":[]}